[2018-03-31 23:36:21] laravel.EMERGENCY: Unable to create configured logger. Using emergency logger. {"exception":"[object] (InvalidArgumentException(code: 0): Log [] is not defined. at D:\\code\eact-laravel-zoo-admin\\backend\\vendor\\laravel\\framework\\src\\Illuminate\\Log\\LogManager.php:181)
[stacktrace]
#0 D:\\code\eact-laravel-zoo-admin\\backend\\vendor\\laravel\\framework\\src\\Illuminate\\Log\\LogManager.php(115): Illuminate\\Log\\LogManager->resolve(NULL)
#1 D:\\code\eact-laravel-zoo-admin\\backend\\vendor\\laravel\\framework\\src\\Illuminate\\Log\\LogManager.php(103): Illuminate\\Log\\LogManager->get(NULL)
#2 D:\\code\eact-laravel-zoo-admin\\backend\\vendor\\laravel\\framework\\src\\Illuminate\\Log\\LogManager.php(519): Illuminate\\Log\\LogManager->driver()
#3 D:\\code\eact-laravel-zoo-admin\\backend\\vendor\\laravel\\framework\\src\\Illuminate\\Foundation\\Exceptions\\Handler.php(114): Illuminate\\Log\\LogManager->error('Directory name ...', Array)
#4 D:\\code\eact-laravel-zoo-admin\\backend\\app\\Exceptions\\Handler.php(35): Illuminate\\Foundation\\Exceptions\\Handler->report(Object(RuntimeException))
#5 D:\\code\eact-laravel-zoo-admin\\backend\\vendor\\laravel\\framework\\src\\Illuminate\\Foundation\\Console\\Kernel.php(353): App\\Exceptions\\Handler->report(Object(RuntimeException))
#6 D:\\code\eact-laravel-zoo-admin\\backend\\vendor\\laravel\\framework\\src\\Illuminate\\Foundation\\Console\\Kernel.php(124): Illuminate\\Foundation\\Console\\Kernel->reportException(Object(RuntimeException))
#7 D:\\code\eact-laravel-zoo-admin\\artisan(35): Illuminate\\Foundation\\Console\\Kernel->handle(Object(Symfony\\Component\\Console\\Input\\ArgvInput), Object(Symfony\\Component\\Console\\Output\\ConsoleOutput))
#8 {main}
"} 
[2018-03-31 23:36:21] laravel.ERROR: Directory name must not be empty. {"exception":"[object] (RuntimeException(code: 0): Directory name must not be empty. at D:\\code\eact-laravel-zoo-admin\\backend\\vendor\\symfony\\finder\\Iterator\\RecursiveDirectoryIterator.php:48)
[stacktrace]
#0 D:\\code\eact-laravel-zoo-admin\\backend\\vendor\\symfony\\finder\\Iterator\\RecursiveDirectoryIterator.php(48): RecursiveDirectoryIterator->__construct('', 4096)
#1 D:\\code\eact-laravel-zoo-admin\\backend\\vendor\\symfony\\finder\\Finder.php(679): Symfony\\Component\\Finder\\Iterator\\RecursiveDirectoryIterator->__construct('', 4096, false)
#2 D:\\code\eact-laravel-zoo-admin\\backend\\vendor\\symfony\\finder\\Finder.php(572): Symfony\\Component\\Finder\\Finder->searchInDirectory('')
#3 D:\\code\eact-laravel-zoo-admin\\backend\\vendor\\laravel\\framework\\src\\Illuminate\\Foundation\\Bootstrap\\LoadConfiguration.php(87): Symfony\\Component\\Finder\\Finder->getIterator()
#4 D:\\code\eact-laravel-zoo-admin\\backend\\vendor\\laravel\\framework\\src\\Illuminate\\Foundation\\Bootstrap\\LoadConfiguration.php(64): Illuminate\\Foundation\\Bootstrap\\LoadConfiguration->getConfigurationFiles(Object(App\\Application))
#5 D:\\code\eact-laravel-zoo-admin\\backend\\vendor\\laravel\\framework\\src\\Illuminate\\Foundation\\Bootstrap\\LoadConfiguration.php(39): Illuminate\\Foundation\\Bootstrap\\LoadConfiguration->loadConfigurationFiles(Object(App\\Application), Object(Illuminate\\Config\\Repository))
#6 D:\\code\eact-laravel-zoo-admin\\backend\\vendor\\laravel\\framework\\src\\Illuminate\\Foundation\\Application.php(206): Illuminate\\Foundation\\Bootstrap\\LoadConfiguration->bootstrap(Object(App\\Application))
#7 D:\\code\eact-laravel-zoo-admin\\backend\\vendor\\laravel\\framework\\src\\Illuminate\\Foundation\\Console\\Kernel.php(297): Illuminate\\Foundation\\Application->bootstrapWith(Array)
#8 D:\\code\eact-laravel-zoo-admin\\backend\\vendor\\laravel\\framework\\src\\Illuminate\\Foundation\\Console\\Kernel.php(120): Illuminate\\Foundation\\Console\\Kernel->bootstrap()
#9 D:\\code\eact-laravel-zoo-admin\\artisan(35): Illuminate\\Foundation\\Console\\Kernel->handle(Object(Symfony\\Component\\Console\\Input\\ArgvInput), Object(Symfony\\Component\\Console\\Output\\ConsoleOutput))
#10 {main}
"} 
